eltex-v12@eltex-2026-summer:~$ cat eltex-v12_part3.log
command
mkdir -p D1/D2/D3
ls -la D1/D2/file.txt
-rw-r--r-- 1 eltex-v12 eltex-v12 0 Jul  7 23:45 D1/D2/file.txt
echo "Random text" >> D1/D2/file.txt
rm -rf D1/D2
ln ~/file.txt hard_link
ln -s ~/file.txt soft_link
ls -li ~/file.txt hard_link soft_link
917643 -rw-r--r-- 2 eltex-v12 eltex-v12  0 Jul  7 23:47 hard_link
917643 -rw-r--r-- 2 eltex-v12 eltex-v12  0 Jul  7 23:47 /home/eltex-v12/file.txt
917641 lrwxrwxrwx 1 eltex-v12 eltex-v12 24 Jul 12 17:25 soft_link -> /home/eltex-v12/file.txt
cat hard_link
cat soft_link
rm -rf D1/D2
ls -la D1/
total 12
drwxr-xr-x  2 eltex-v12 eltex-v12 4096 Jul 12 17:30 .
drwxr-x--- 17 eltex-v12 eltex-v12 4096 Jul 12 17:25 ..
-rw-r--r--  1 eltex-v12 eltex-v12   10 Jul 12 17:24 file.txt
du -sh /usr/bin/x86_64-linux-gnu-lto-dump-12
31M     /usr/bin/x86_64-linux-gnu-lto-dump-12
find ~ -type f -mtime -1
which find
file /usr/bin/find
file /boot/initrd.img*
